28-Apr-2024 00:42:35.377 INFO [main] org.apache.catalina.startup.VersionLoggerListener.log Nombre de la versión del servidor: Apache Tomcat/10.1.23
28-Apr-2024 00:42:35.388 INFO [main] org.apache.catalina.startup.VersionLoggerListener.log Server built:                      Apr 16 2024 12:17:18 UTC
28-Apr-2024 00:42:35.388 INFO [main] org.apache.catalina.startup.VersionLoggerListener.log Número de versión de servidor:     10.1.23.0
28-Apr-2024 00:42:35.388 INFO [main] org.apache.catalina.startup.VersionLoggerListener.log OS Name:                           Windows 11
28-Apr-2024 00:42:35.388 INFO [main] org.apache.catalina.startup.VersionLoggerListener.log Versión de Systema Operativo:      10.0
28-Apr-2024 00:42:35.388 INFO [main] org.apache.catalina.startup.VersionLoggerListener.log Arquitectura:                      amd64
28-Apr-2024 00:42:35.388 INFO [main] org.apache.catalina.startup.VersionLoggerListener.log Java Home:                         C:\Program Files\Java\jdk-20
28-Apr-2024 00:42:35.388 INFO [main] org.apache.catalina.startup.VersionLoggerListener.log JVM Version:                       20.0.2+9-78
28-Apr-2024 00:42:35.388 INFO [main] org.apache.catalina.startup.VersionLoggerListener.log Vededor JVM:                       Oracle Corporation
28-Apr-2024 00:42:35.391 INFO [main] org.apache.catalina.startup.VersionLoggerListener.log CATALINA_BASE:                     C:\Users\Daniel Alameda\Desktop\ProyectoAppWeb\Recursos\apache-tomcat-10.1.23
28-Apr-2024 00:42:35.391 INFO [main] org.apache.catalina.startup.VersionLoggerListener.log CATALINA_HOME:                     C:\Users\Daniel Alameda\Desktop\ProyectoAppWeb\Recursos\apache-tomcat-10.1.23
28-Apr-2024 00:42:35.414 INFO [main] org.apache.catalina.startup.VersionLoggerListener.log Command line argument:             -Djava.util.logging.config.file=C:\Users\Daniel Alameda\Desktop\ProyectoAppWeb\Recursos\apache-tomcat-10.1.23\conf\logging.properties
28-Apr-2024 00:42:35.414 INFO [main] org.apache.catalina.startup.VersionLoggerListener.log Command line argument:             -Djava.util.logging.manager=org.apache.juli.ClassLoaderLogManager
28-Apr-2024 00:42:35.414 INFO [main] org.apache.catalina.startup.VersionLoggerListener.log Command line argument:             -Djdk.tls.ephemeralDHKeySize=2048
28-Apr-2024 00:42:35.414 INFO [main] org.apache.catalina.startup.VersionLoggerListener.log Command line argument:             -Djava.protocol.handler.pkgs=org.apache.catalina.webresources
28-Apr-2024 00:42:35.414 INFO [main] org.apache.catalina.startup.VersionLoggerListener.log Command line argument:             --add-opens=java.base/java.lang=ALL-UNNAMED
28-Apr-2024 00:42:35.416 INFO [main] org.apache.catalina.startup.VersionLoggerListener.log Command line argument:             --add-opens=java.base/java.io=ALL-UNNAMED
28-Apr-2024 00:42:35.417 INFO [main] org.apache.catalina.startup.VersionLoggerListener.log Command line argument:             --add-opens=java.base/java.util=ALL-UNNAMED
28-Apr-2024 00:42:35.418 INFO [main] org.apache.catalina.startup.VersionLoggerListener.log Command line argument:             --add-opens=java.base/java.util.concurrent=ALL-UNNAMED
28-Apr-2024 00:42:35.419 INFO [main] org.apache.catalina.startup.VersionLoggerListener.log Command line argument:             --add-opens=java.rmi/sun.rmi.transport=ALL-UNNAMED
28-Apr-2024 00:42:35.419 INFO [main] org.apache.catalina.startup.VersionLoggerListener.log Command line argument:             -Dcatalina.base=C:\Users\Daniel Alameda\Desktop\ProyectoAppWeb\Recursos\apache-tomcat-10.1.23
28-Apr-2024 00:42:35.420 INFO [main] org.apache.catalina.startup.VersionLoggerListener.log Command line argument:             -Dcatalina.home=C:\Users\Daniel Alameda\Desktop\ProyectoAppWeb\Recursos\apache-tomcat-10.1.23
28-Apr-2024 00:42:35.421 INFO [main] org.apache.catalina.startup.VersionLoggerListener.log Command line argument:             -Djava.io.tmpdir=C:\Users\Daniel Alameda\Desktop\ProyectoAppWeb\Recursos\apache-tomcat-10.1.23\temp
28-Apr-2024 00:42:35.425 INFO [main] org.apache.catalina.core.AprLifecycleListener.lifecycleEvent Cargada la biblioteca nativa APR de Apache Tomcat [2.0.7] con la versión APR [1.7.4].
28-Apr-2024 00:42:35.431 INFO [main] org.apache.catalina.core.AprLifecycleListener.initializeSSL OpenSSL inicializado correctamente [OpenSSL 3.0.13 30 Jan 2024]
28-Apr-2024 00:42:35.877 INFO [main] org.apache.coyote.AbstractProtocol.init Inicializando el manejador de protocolo ["http-nio-8080"]

28-Apr-2024 00:42:35.931 INFO [main] org.apache.catalina.startup.Catalina.load Server initialization in [911] milliseconds
28-Apr-2024 00:42:36.115 INFO [main] org.apache.catalina.core.StandardService.startInternal Arrancando servicio [Catalina]
28-Apr-2024 00:42:36.116 INFO [main] org.apache.catalina.core.StandardEngine.startInternal Starting Servlet engine: [Apache Tomcat/10.1.23]
28-Apr-2024 00:42:36.147 INFO [main] org.apache.catalina.startup.HostConfig.deployDirectory Desplegando el directorio [C:\Users\Daniel Alameda\Desktop\ProyectoAppWeb\Recursos\apache-tomcat-10.1.23\webapps\docs] de la aplicación web
28-Apr-2024 00:42:36.692 INFO [main] org.apache.catalina.startup.HostConfig.deployDirectory Deployment of web application directory [C:\Users\Daniel Alameda\Desktop\ProyectoAppWeb\Recursos\apache-tomcat-10.1.23\webapps\docs] has finished in [540] ms
28-Apr-2024 00:42:36.692 INFO [main] org.apache.catalina.startup.HostConfig.deployDirectory Desplegando el directorio [C:\Users\Daniel Alameda\Desktop\ProyectoAppWeb\Recursos\apache-tomcat-10.1.23\webapps\examples] de la aplicación web
28-Apr-2024 00:42:37.272 INFO [main] org.apache.catalina.startup.HostConfig.deployDirectory Deployment of web application directory [C:\Users\Daniel Alameda\Desktop\ProyectoAppWeb\Recursos\apache-tomcat-10.1.23\webapps\examples] has finished in [580] ms
28-Apr-2024 00:42:37.273 INFO [main] org.apache.catalina.startup.HostConfig.deployDirectory Desplegando el directorio [C:\Users\Daniel Alameda\Desktop\ProyectoAppWeb\Recursos\apache-tomcat-10.1.23\webapps\host-manager] de la aplicación web
28-Apr-2024 00:42:37.338 INFO [main] org.apache.catalina.startup.HostConfig.deployDirectory Deployment of web application directory [C:\Users\Daniel Alameda\Desktop\ProyectoAppWeb\Recursos\apache-tomcat-10.1.23\webapps\host-manager] has finished in [64] ms
28-Apr-2024 00:42:37.338 INFO [main] org.apache.catalina.startup.HostConfig.deployDirectory Desplegando el directorio [C:\Users\Daniel Alameda\Desktop\ProyectoAppWeb\Recursos\apache-tomcat-10.1.23\webapps\manager] de la aplicación web
28-Apr-2024 00:42:37.405 INFO [main] org.apache.catalina.startup.HostConfig.deployDirectory Deployment of web application directory [C:\Users\Daniel Alameda\Desktop\ProyectoAppWeb\Recursos\apache-tomcat-10.1.23\webapps\manager] has finished in [67] ms
28-Apr-2024 00:42:37.406 INFO [main] org.apache.catalina.startup.HostConfig.deployDirectory Desplegando el directorio [C:\Users\Daniel Alameda\Desktop\ProyectoAppWeb\Recursos\apache-tomcat-10.1.23\webapps\ROOT] de la aplicación web
28-Apr-2024 00:42:37.456 INFO [main] org.apache.catalina.startup.HostConfig.deployDirectory Deployment of web application directory [C:\Users\Daniel Alameda\Desktop\ProyectoAppWeb\Recursos\apache-tomcat-10.1.23\webapps\ROOT] has finished in [50] ms
28-Apr-2024 00:42:37.466 INFO [main] org.apache.coyote.AbstractProtocol.start Starting ProtocolHandler ["http-nio-8080"]
28-Apr-2024 00:42:37.534 INFO [main] org.apache.catalina.startup.Catalina.start Server startup in [1600] milliseconds
28-Apr-2024 00:43:02.306 INFO [http-nio-8080-exec-7] org.apache.catalina.startup.HostConfig.deployDescriptor Desplieque del descriptor de configuración [C:\Users\Daniel Alameda\Desktop\ProyectoAppWeb\Recursos\apache-tomcat-10.1.23\conf\Catalina\localhost\ProyectoAppWeb.xml]
28-Apr-2024 00:43:02.309 WARNING [http-nio-8080-exec-7] org.apache.catalina.startup.HostConfig.deployDescriptor The path attribute with value [/ProyectoAppWeb] in deployment descriptor [C:\Users\Daniel Alameda\Desktop\ProyectoAppWeb\Recursos\apache-tomcat-10.1.23\conf\Catalina\localhost\ProyectoAppWeb.xml] has been ignored
28-Apr-2024 00:43:02.391 INFO [http-nio-8080-exec-7] org.apache.catalina.startup.HostConfig.deployDescriptor Deployment of deployment descriptor [C:\Users\Daniel Alameda\Desktop\ProyectoAppWeb\Recursos\apache-tomcat-10.1.23\conf\Catalina\localhost\ProyectoAppWeb.xml] has finished in [84] ms
28-Apr-2024 00:43:02.393 INFO [http-nio-8080-exec-6] org.apache.catalina.util.LifecycleBase.start The start() method was called on component [StandardEngine[Catalina].StandardHost[localhost].StandardContext[/ProyectoAppWeb]] after start() had already been called. The second call will be ignored.
